# JRE version: Java(TM) SE Runtime Environment (8.0_91-b14) (build 1.8.0_91-b14)
# Java VM: Java HotSpot(TM) 64-Bit Server VM (25.91-b14 mixed mode bsd-amd64 compressed oops)
Heap:
 PSYoungGen      total 99840K, used 18428K [0x00000007b5580000, 0x00000007bfd80000, 0x00000007c0000000)
  eden space 91136K, 11% used [0x00000007b5580000,0x00000007b5f4cf38,0x00000007bae80000)
  from space 8704K, 96% used [0x00000007bae80000,0x00000007bb6b2378,0x00000007bb700000)
  to   space 39936K, 0% used [0x00000007bd680000,0x00000007bd680000,0x00000007bfd80000)
 ParOldGen       total 136192K, used 41613K [0x00000007a0000000, 0x00000007a8500000, 0x00000007b5580000)
  object space 136192K, 30% used [0x00000007a0000000,0x00000007a28a3788,0x00000007a8500000)
 Metaspace       used 31382K, capacity 31684K, committed 32000K, reserved 1077248K
  class space    used 3904K, capacity 3996K, committed 4096K, reserved 1048576K
GC Heap History (10 events):
Event: 17.680 GC heap before
{Heap before GC invocations=18 (full 2):
 PSYoungGen      total 127488K, used 83968K [0x00000007b5580000, 0x00000007bff80000, 0x00000007c0000000)
  eden space 83968K, 100% used [0x00000007b5580000,0x00000007ba780000,0x00000007ba780000)
  from space 43520K, 0% used [0x00000007ba780000,0x00000007ba780000,0x00000007bd200000)
  to   space 41984K, 0% used [0x00000007bd680000,0x00000007bd680000,0x00000007bff80000)
 ParOldGen       total 176640K, used 97229K [0x00000007a0000000, 0x00000007aac80000, 0x00000007b5580000)
  object space 176640K, 55% used [0x00000007a0000000,0x00000007a5ef3738,0x00000007aac80000)
 Metaspace       used 15460K, capacity 15658K, committed 15872K, reserved 1062912K
  class space    used 1921K, capacity 1980K, committed 2048K, reserved 1048576K
Event: 17.689 GC heap after
Heap after GC invocations=18 (full 2):
 PSYoungGen      total 130048K, used 5064K [0x00000007b5580000, 0x00000007bfe80000, 0x00000007c0000000)
  eden space 89088K, 0% used [0x00000007b5580000,0x00000007b5580000,0x00000007bac80000)
  from space 40960K, 12% used [0x00000007bd680000,0x00000007bdb723c0,0x00000007bfe80000)
  to   space 41984K, 0% used [0x00000007bac80000,0x00000007bac80000,0x00000007bd580000)
 ParOldGen       total 176640K, used 97245K [0x00000007a0000000, 0x00000007aac80000, 0x00000007b5580000)
  object space 176640K, 55% used [0x00000007a0000000,0x00000007a5ef7750,0x00000007aac80000)
 Metaspace       used 15460K, capacity 15658K, committed 15872K, reserved 1062912K
  class space    used 1921K, capacity 1980K, committed 2048K, reserved 1048576K
}
Event: 20.009 GC heap before
{Heap before GC invocations=19 (full 2):
 PSYoungGen      total 130048K, used 94152K [0x00000007b5580000, 0x00000007bfe80000, 0x00000007c0000000)
  eden space 89088K, 100% used [0x00000007b5580000,0x00000007bac80000,0x00000007bac80000)
  from space 40960K, 12% used [0x00000007bd680000,0x00000007bdb723c0,0x00000007bfe80000)
  to   space 41984K, 0% used [0x00000007bac80000,0x00000007bac80000,0x00000007bd580000)
 ParOldGen       total 176640K, used 97245K [0x00000007a0000000, 0x00000007aac80000, 0x00000007b5580000)
  object space 176640K, 55% used [0x00000007a0000000,0x00000007a5ef7750,0x00000007aac80000)
 Metaspace       used 18882K, capacity 19136K, committed 19328K, reserved 1067008K
  class space    used 2329K, capacity 2405K, committed 2432K, reserved 1048576K
Event: 20.017 GC heap after
Heap after GC invocations=19 (full 2):
 PSYoungGen      total 131072K, used 6008K [0x00000007b5580000, 0x00000007c0000000, 0x00000007c0000000)
  eden space 89088K, 0% used [0x00000007b5580000,0x00000007b5580000,0x00000007bac80000)
  from space 41984K, 14% used [0x00000007bac80000,0x00000007bb25e078,0x00000007bd580000)
  to   space 41472K, 0% used [0x00000007bd780000,0x00000007bd780000,0x00000007c0000000)
 ParOldGen       total 176640K, used 98217K [0x00000007a0000000, 0x00000007aac80000, 0x00000007b5580000)
  object space 176640K, 55% used [0x00000007a0000000,0x00000007a5fea7a0,0x00000007aac80000)
 Metaspace       used 18882K, capacity 19136K, committed 19328K, reserved 1067008K
  class space    used 2329K, capacity 2405K, committed 2432K, reserved 1048576K
}
Event: 20.665 GC heap before
{Heap before GC invocations=20 (full 2):
 PSYoungGen      total 131072K, used 48497K [0x00000007b5580000, 0x00000007c0000000, 0x00000007c0000000)
  eden space 89088K, 47% used [0x00000007b5580000,0x00000007b7efe6f8,0x00000007bac80000)
  from space 41984K, 14% used [0x00000007bac80000,0x00000007bb25e078,0x00000007bd580000)
  to   space 41472K, 0% used [0x00000007bd780000,0x00000007bd780000,0x00000007c0000000)
 ParOldGen       total 176640K, used 98217K [0x00000007a0000000, 0x00000007aac80000, 0x00000007b5580000)
  object space 176640K, 55% used [0x00000007a0000000,0x00000007a5fea7a0,0x00000007aac80000)
 Metaspace       used 20838K, capacity 20992K, committed 21296K, reserved 1069056K
  class space    used 2559K, capacity 2597K, committed 2688K, reserved 1048576K
Event: 20.670 GC heap after
Heap after GC invocations=20 (full 2):
 PSYoungGen      total 132096K, used 2769K [0x00000007b5580000, 0x00000007bff80000, 0x00000007c0000000)
  eden space 91136K, 0% used [0x00000007b5580000,0x00000007b5580000,0x00000007bae80000)
  from space 40960K, 6% used [0x00000007bd780000,0x00000007bda347f0,0x00000007bff80000)
  to   space 41472K, 0% used [0x00000007bae80000,0x00000007bae80000,0x00000007bd700000)
 ParOldGen       total 176640K, used 99590K [0x00000007a0000000, 0x00000007aac80000, 0x00000007b5580000)
  object space 176640K, 56% used [0x00000007a0000000,0x00000007a6141a18,0x00000007aac80000)
 Metaspace       used 20838K, capacity 20992K, committed 21296K, reserved 1069056K
  class space    used 2559K, capacity 2597K, committed 2688K, reserved 1048576K
}
Event: 20.670 GC heap before
{Heap before GC invocations=21 (full 3):
 PSYoungGen      total 132096K, used 2769K [0x00000007b5580000, 0x00000007bff80000, 0x00000007c0000000)
  eden space 91136K, 0% used [0x00000007b5580000,0x00000007b5580000,0x00000007bae80000)
  from space 40960K, 6% used [0x00000007bd780000,0x00000007bda347f0,0x00000007bff80000)
  to   space 41472K, 0% used [0x00000007bae80000,0x00000007bae80000,0x00000007bd700000)
 ParOldGen       total 176640K, used 99590K [0x00000007a0000000, 0x00000007aac80000, 0x00000007b5580000)
  object space 176640K, 56% used [0x00000007a0000000,0x00000007a6141a18,0x00000007aac80000)
 Metaspace       used 20838K, capacity 20992K, committed 21296K, reserved 1069056K
  class space    used 2559K, capacity 2597K, committed 2688K, reserved 1048576K
Event: 20.806 GC heap after
Heap after GC invocations=21 (full 3):
 PSYoungGen      total 132096K, used 0K [0x00000007b5580000, 0x00000007bff80000, 0x00000007c0000000)
  eden space 91136K, 0% used [0x00000007b5580000,0x00000007b5580000,0x00000007bae80000)
  from space 40960K, 0% used [0x00000007bd780000,0x00000007bd780000,0x00000007bff80000)
  to   space 41472K, 0% used [0x00000007bae80000,0x00000007bae80000,0x00000007bd700000)
 ParOldGen       total 136192K, used 41605K [0x00000007a0000000, 0x00000007a8500000, 0x00000007b5580000)
  object space 136192K, 30% used [0x00000007a0000000,0x00000007a28a1788,0x00000007a8500000)
 Metaspace       used 20838K, capacity 20992K, committed 21296K, reserved 1069056K
  class space    used 2559K, capacity 2597K, committed 2688K, reserved 1048576K
}
Event: 25.720 GC heap before
{Heap before GC invocations=22 (full 3):
 PSYoungGen      total 132096K, used 91136K [0x00000007b5580000, 0x00000007bff80000, 0x00000007c0000000)
  eden space 91136K, 100% used [0x00000007b5580000,0x00000007bae80000,0x00000007bae80000)
  from space 40960K, 0% used [0x00000007bd780000,0x00000007bd780000,0x00000007bff80000)
  to   space 41472K, 0% used [0x00000007bae80000,0x00000007bae80000,0x00000007bd700000)
 ParOldGen       total 136192K, used 41605K [0x00000007a0000000, 0x00000007a8500000, 0x00000007b5580000)
  object space 136192K, 30% used [0x00000007a0000000,0x00000007a28a1788,0x00000007a8500000)
 Metaspace       used 30197K, capacity 30500K, committed 30720K, reserved 1077248K
  class space    used 3734K, capacity 3836K, committed 3840K, reserved 1048576K
Event: 25.784 GC heap after
Heap after GC invocations=22 (full 3):
 PSYoungGen      total 99840K, used 8392K [0x00000007b5580000, 0x00000007bfd80000, 0x00000007c0000000)
  eden space 91136K, 0% used [0x00000007b5580000,0x00000007b5580000,0x00000007bae80000)
  from space 8704K, 96% used [0x00000007bae80000,0x00000007bb6b2378,0x00000007bb700000)
  to   space 39936K, 0% used [0x00000007bd680000,0x00000007bd680000,0x00000007bfd80000)
 ParOldGen       total 136192K, used 41613K [0x00000007a0000000, 0x00000007a8500000, 0x00000007b5580000)
  object space 136192K, 30% used [0x00000007a0000000,0x00000007a28a3788,0x00000007a8500000)
 Metaspace       used 30197K, capacity 30500K, committed 30720K, reserved 1077248K
  class space    used 3734K, capacity 3836K, committed 3840K, reserved 1048576K
}

